android/app/build/intermediates/manifest_merge_blame_file/release/manifest-merger-blame-release-report.txt
1<?xml version="1.0" encoding="utf-8"?>
2<manifest xmlns:android="http://schemas.android.com/apk/res/android"
3    package="com.myanmarexchangerates"
4    android:versionCode="1"
5    android:versionName="1.0" >
6
7    <uses-sdk
8        android:minSdkVersion="21"
8-->src/main/AndroidManifest.xml
9        android:targetSdkVersion="31" />
9-->src/main/AndroidManifest.xml
10
11    <uses-permission android:name="android.permission.INTERNET" />
11-->src/main/AndroidManifest.xml:4:5-66
11-->src/main/AndroidManifest.xml:4:22-64
12
13    <application
13-->src/main/AndroidManifest.xml:6:5-25:19
14        android:name="com.myanmarexchangerates.MainApplication"
14-->src/main/AndroidManifest.xml:7:13-44
15        android:allowBackup="false"
15-->src/main/AndroidManifest.xml:11:13-40
16        android:appComponentFactory="androidx.core.app.CoreComponentFactory"
16-->[androidx.core:core:1.5.0] AndroidManifest.xml:24:18-86
17        android:icon="@mipmap/ic_launcher"
17-->src/main/AndroidManifest.xml:9:13-47
18        android:label="@string/app_name"
18-->src/main/AndroidManifest.xml:8:13-45
19        android:roundIcon="@mipmap/ic_launcher"
19-->src/main/AndroidManifest.xml:10:13-52
20        android:theme="@style/AppTheme" >
20-->src/main/AndroidManifest.xml:12:13-44
21        <activity
21-->src/main/AndroidManifest.xml:13:9-24:20
22            android:name="com.myanmarexchangerates.MainActivity"
22-->src/main/AndroidManifest.xml:14:17-45
23            android:configChanges="keyboard|keyboardHidden|orientation|screenLayout|screenSize|smallestScreenSize|uiMode"
23-->src/main/AndroidManifest.xml:16:17-126
24            android:exported="true"
24-->src/main/AndroidManifest.xml:19:17-40
25            android:label="@string/app_name"
25-->src/main/AndroidManifest.xml:15:17-49
26            android:launchMode="singleTask"
26-->src/main/AndroidManifest.xml:17:17-48
27            android:windowSoftInputMode="adjustResize" >
27-->src/main/AndroidManifest.xml:18:17-59
28            <intent-filter>
28-->src/main/AndroidManifest.xml:20:13-23:29
29                <action android:name="android.intent.action.MAIN" />
29-->src/main/AndroidManifest.xml:21:17-68
29-->src/main/AndroidManifest.xml:21:25-66
30
31                <category android:name="android.intent.category.LAUNCHER" />
31-->src/main/AndroidManifest.xml:22:17-76
31-->src/main/AndroidManifest.xml:22:27-74
32            </intent-filter>
33        </activity>
34    </application>
35
36</manifest>